mode: set
requests-service/pkg/context_os/context_os.go:11.75,13.2 1 1
requests-service/pkg/context_os/context_os.go:15.50,16.59 1 1
requests-service/pkg/context_os/context_os.go:16.59,18.3 1 1
requests-service/pkg/context_os/context_os.go:20.2,20.12 1 1
requests-service/infra/repository/repository.go:30.48,32.2 1 1
requests-service/infra/repository/repository.go:42.37,44.2 1 1
requests-service/infra/repository/repository.go:46.35,48.2 1 1
requests-service/infra/repository/repository.go:50.57,51.97 1 0
requests-service/infra/repository/repository.go:51.97,53.3 1 0
requests-service/infra/repository/repository.go:55.2,55.12 1 0
requests-service/infra/repository/repository.go:58.118,68.65 2 1
requests-service/infra/repository/repository.go:68.65,70.3 1 1
requests-service/infra/repository/repository.go:72.2,72.35 1 1
requests-service/infra/repository/repository.go:75.98,77.84 2 1
requests-service/infra/repository/repository.go:77.84,78.45 1 1
requests-service/infra/repository/repository.go:78.45,80.4 1 1
requests-service/infra/repository/repository.go:82.3,82.49 1 1
requests-service/infra/repository/repository.go:85.2,85.35 1 1
requests-service/infra/repository/repository.go:88.125,90.22 2 1
requests-service/infra/repository/repository.go:90.22,92.3 1 1
requests-service/infra/repository/repository.go:94.2,94.22 1 1
requests-service/infra/repository/repository.go:94.22,96.3 1 1
requests-service/infra/repository/repository.go:98.2,98.20 1 1
requests-service/infra/repository/repository.go:98.20,100.3 1 1
requests-service/infra/repository/repository.go:102.2,103.50 2 1
requests-service/infra/repository/repository.go:103.50,105.3 1 1
requests-service/infra/repository/repository.go:107.2,108.31 2 1
requests-service/infra/repository/repository.go:108.31,110.3 1 1
requests-service/infra/repository/repository.go:112.2,113.16 2 1
requests-service/infra/repository/repository.go:113.16,115.3 1 1
requests-service/infra/repository/repository.go:117.2,118.101 2 1
requests-service/infra/repository/repository.go:118.101,120.3 1 1
requests-service/infra/repository/repository.go:122.2,123.22 2 0
requests-service/infra/repository/repository.go:123.22,125.3 1 0
requests-service/infra/repository/repository.go:127.2,127.27 1 0
requests-service/infra/repository/repository.go:130.118,132.84 2 1
requests-service/infra/repository/repository.go:132.84,133.45 1 1
requests-service/infra/repository/repository.go:133.45,135.4 1 1
requests-service/infra/repository/repository.go:137.3,137.49 1 0
requests-service/infra/repository/repository.go:140.2,143.63 3 0
requests-service/infra/repository/repository.go:143.63,145.3 1 0
requests-service/infra/repository/repository.go:147.2,147.35 1 0
requests-service/infra/repository/repository.go:150.104,151.61 1 1
requests-service/infra/repository/repository.go:151.61,153.3 1 1
requests-service/infra/repository/repository.go:155.2,161.65 2 0
requests-service/infra/repository/repository.go:161.65,163.3 1 0
requests-service/infra/repository/repository.go:165.2,165.35 1 0
requests-service/infra/repository/repository.go:168.101,170.123 2 1
requests-service/infra/repository/repository.go:170.123,172.3 1 1
requests-service/infra/repository/repository.go:174.2,175.22 2 0
requests-service/infra/repository/repository.go:175.22,177.3 1 0
requests-service/infra/repository/repository.go:179.2,179.20 1 0
requests-service/infra/repository/repository.go:182.76,193.2 1 1
requests-service/infra/repository/repository.go:195.54,203.2 1 1
requests-service/api/interceptors/errormapping.go:11.49,12.125 1 1
requests-service/api/interceptors/errormapping.go:12.125,14.17 2 1
requests-service/api/interceptors/errormapping.go:14.17,16.4 1 1
requests-service/api/interceptors/errormapping.go:18.3,18.19 1 1
requests-service/api/interceptors/timeout.go:10.59,11.125 1 1
requests-service/api/interceptors/timeout.go:11.125,16.3 3 1
requests-service/api/interceptors/validation.go:12.47,13.125 1 1
requests-service/api/interceptors/validation.go:13.125,14.39 1 1
requests-service/api/interceptors/validation.go:14.39,16.4 1 1
requests-service/api/interceptors/validation.go:18.3,18.27 1 1
requests-service/api/interceptors/validation.go:22.38,23.25 1 1
requests-service/api/interceptors/validation.go:24.40,25.41 1 1
requests-service/api/interceptors/validation.go:26.37,27.38 1 1
requests-service/api/interceptors/validation.go:28.39,29.40 1 1
requests-service/api/interceptors/validation.go:30.37,31.38 1 1
requests-service/api/interceptors/validation.go:32.38,33.39 1 1
requests-service/api/interceptors/validation.go:36.2,36.12 1 1
requests-service/api/server/converters.go:11.94,18.2 1 1
requests-service/api/server/converters.go:20.88,28.2 1 1
requests-service/api/server/converters.go:30.91,36.2 1 1
requests-service/api/server/converters.go:38.85,44.2 1 1
requests-service/api/server/converters.go:46.88,57.2 1 1
requests-service/api/server/converters.go:59.66,67.2 1 1
requests-service/api/server/requests_server.go:17.89,19.2 1 0
requests-service/api/server/requests_server.go:21.136,23.16 2 0
requests-service/api/server/requests_server.go:23.16,25.3 1 0
requests-service/api/server/requests_server.go:27.2,27.75 1 0
requests-service/api/server/requests_server.go:30.136,32.16 2 0
requests-service/api/server/requests_server.go:32.16,34.3 1 0
requests-service/api/server/requests_server.go:36.2,37.29 2 0
requests-service/api/server/requests_server.go:37.29,39.3 1 0
requests-service/api/server/requests_server.go:41.2,41.87 1 0
requests-service/api/server/requests_server.go:44.38,45.16 1 1
requests-service/api/server/requests_server.go:45.16,47.3 1 1
requests-service/api/server/requests_server.go:49.2,49.27 1 1
requests-service/api/server/requests_server.go:49.27,51.3 1 1
requests-service/api/server/requests_server.go:53.2,53.21 1 1
requests-service/api/server/requests_server.go:56.130,58.16 2 0
requests-service/api/server/requests_server.go:58.16,60.3 1 0
requests-service/api/server/requests_server.go:62.2,62.75 1 0
requests-service/api/server/requests_server.go:65.141,67.16 2 0
requests-service/api/server/requests_server.go:67.16,69.3 1 0
requests-service/api/server/requests_server.go:71.2,71.75 1 0
requests-service/api/server/requests_server.go:74.130,76.16 2 0
requests-service/api/server/requests_server.go:76.16,78.3 1 0
requests-service/api/server/requests_server.go:80.2,80.75 1 0
requests-service/api/server/requests_server.go:83.136,85.16 2 0
requests-service/api/server/requests_server.go:85.16,87.3 1 0
requests-service/api/server/requests_server.go:89.2,90.29 2 0
requests-service/api/server/requests_server.go:90.29,92.3 1 0
requests-service/api/server/requests_server.go:94.2,94.59 1 0
requests-service/api/server/validators.go:10.72,11.26 1 1
requests-service/api/server/validators.go:11.26,13.3 1 1
requests-service/api/server/validators.go:15.2,15.29 1 1
requests-service/api/server/validators.go:15.29,17.3 1 1
requests-service/api/server/validators.go:19.2,19.31 1 1
requests-service/api/server/validators.go:19.31,21.3 1 1
requests-service/api/server/validators.go:23.2,23.32 1 1
requests-service/api/server/validators.go:23.32,25.3 1 1
requests-service/api/server/validators.go:27.2,27.36 1 1
requests-service/api/server/validators.go:27.36,29.3 1 1
requests-service/api/server/validators.go:31.2,31.25 1 1
requests-service/api/server/validators.go:31.25,33.3 1 1
requests-service/api/server/validators.go:35.2,35.31 1 1
requests-service/api/server/validators.go:35.31,37.3 1 1
requests-service/api/server/validators.go:39.2,39.27 1 1
requests-service/api/server/validators.go:39.27,41.3 1 1
requests-service/api/server/validators.go:43.2,43.12 1 1
requests-service/api/server/validators.go:46.66,47.23 1 1
requests-service/api/server/validators.go:47.23,49.3 1 1
requests-service/api/server/validators.go:51.2,51.12 1 1
requests-service/api/server/validators.go:54.70,55.23 1 1
requests-service/api/server/validators.go:55.23,57.3 1 1
requests-service/api/server/validators.go:59.2,59.27 1 1
requests-service/api/server/validators.go:59.27,61.3 1 1
requests-service/api/server/validators.go:63.2,63.35 1 1
requests-service/api/server/validators.go:63.35,65.3 1 1
requests-service/api/server/validators.go:67.2,67.27 1 1
requests-service/api/server/validators.go:67.27,69.3 1 1
requests-service/api/server/validators.go:71.2,71.12 1 1
requests-service/api/server/validators.go:74.66,75.30 1 1
requests-service/api/server/validators.go:75.30,77.3 1 1
requests-service/api/server/validators.go:79.2,79.27 1 1
requests-service/api/server/validators.go:79.27,81.3 1 1
requests-service/api/server/validators.go:83.2,83.28 1 1
requests-service/api/server/validators.go:83.28,85.3 1 1
requests-service/api/server/validators.go:87.2,87.34 1 1
requests-service/api/server/validators.go:87.34,89.3 1 1
requests-service/api/server/validators.go:91.2,91.12 1 1
requests-service/api/server/validators.go:94.68,95.30 1 1
requests-service/api/server/validators.go:95.30,97.3 1 1
requests-service/api/server/validators.go:99.2,99.12 1 1
requests-service/api/server/validators.go:102.31,104.2 1 1
requests-service/api/server/validators.go:106.33,111.2 1 1
requests-service/infra/grpcerrors/grpcerrors.go:31.35,32.39 1 1
requests-service/infra/grpcerrors/grpcerrors.go:32.39,33.29 1 1
requests-service/infra/grpcerrors/grpcerrors.go:33.29,35.4 1 1
requests-service/infra/grpcerrors/grpcerrors.go:38.2,38.71 1 1
requests-service/services/requests/converters.go:5.88,9.2 1 1
requests-service/services/requests/converters.go:11.71,13.2 1 1
requests-service/services/requests/converters.go:15.76,17.2 1 1
requests-service/services/requests/converters.go:19.82,21.2 1 1
requests-service/services/requests/converters.go:23.76,25.2 1 1
requests-service/services/requests/service.go:18.89,20.2 1 1
requests-service/services/requests/service.go:22.132,24.16 2 1
requests-service/services/requests/service.go:24.16,28.3 2 1
requests-service/services/requests/service.go:30.2,33.15 3 1
requests-service/services/requests/service.go:36.137,38.2 1 1
requests-service/services/requests/service.go:40.106,42.2 1 1
requests-service/services/requests/service.go:44.137,46.16 2 1
requests-service/services/requests/service.go:46.16,50.3 2 1
requests-service/services/requests/service.go:52.2,55.15 3 1
requests-service/services/requests/service.go:58.115,60.16 2 1
requests-service/services/requests/service.go:60.16,64.3 2 1
requests-service/services/requests/service.go:66.2,69.21 3 1
requests-service/services/requests/service.go:72.105,74.2 1 1
requests-service/services/requests/service.go:76.93,77.24 1 1
requests-service/services/requests/service.go:77.24,79.3 1 1
requests-service/services/requests/service.go:81.2,82.68 2 1
requests-service/services/requests/service.go:82.68,84.3 1 0
requests-service/services/requests/service.go:87.109,88.24 1 1
requests-service/services/requests/service.go:88.24,90.3 1 1
requests-service/services/requests/service.go:92.2,93.74 2 1
requests-service/services/requests/service.go:93.74,95.3 1 1
requests-service/services/requests/service.go:98.93,99.24 1 1
requests-service/services/requests/service.go:99.24,101.3 1 1
requests-service/services/requests/service.go:103.2,104.73 2 1
requests-service/services/requests/service.go:104.73,106.3 1 0
requests-service/cmd/main.go:14.13,18.16 3 0
requests-service/cmd/main.go:18.16,20.3 1 0
requests-service/cmd/main.go:21.2,25.88 3 0
requests-service/cmd/main.go:25.88,27.3 1 0
requests-service/api/api.go:16.87,19.2 2 0
requests-service/api/api.go:25.44,27.2 1 1
requests-service/api/api.go:29.48,44.16 6 1
requests-service/api/api.go:44.16,46.3 1 1
requests-service/api/api.go:48.2,50.12 2 1
requests-service/api/api.go:50.12,54.3 2 1
requests-service/api/api.go:56.2,56.9 1 1
requests-service/api/api.go:57.20,61.13 3 0
requests-service/api/api.go:62.22,63.13 1 1
requests-service/infra/mq/publisher.go:32.66,34.16 2 1
requests-service/infra/mq/publisher.go:34.16,36.3 1 1
requests-service/infra/mq/publisher.go:38.2,39.16 2 0
requests-service/infra/mq/publisher.go:39.16,43.3 2 0
requests-service/infra/mq/publisher.go:45.2,53.16 1 0
requests-service/infra/mq/publisher.go:53.16,58.3 3 0
requests-service/infra/mq/publisher.go:60.2,62.65 2 0
requests-service/infra/mq/publisher.go:65.95,67.2 1 1
requests-service/infra/mq/publisher.go:69.101,71.2 1 1
requests-service/infra/mq/publisher.go:73.100,75.2 1 1
requests-service/infra/mq/publisher.go:77.100,79.16 2 1
requests-service/infra/mq/publisher.go:79.16,81.3 1 0
requests-service/infra/mq/publisher.go:83.2,94.16 1 1
requests-service/infra/mq/publisher.go:94.16,96.3 1 1
requests-service/infra/mq/publisher.go:98.2,100.12 2 1
requests-service/infra/mq/publisher.go:103.35,104.22 1 1
requests-service/infra/mq/publisher.go:104.22,106.3 1 1
requests-service/infra/mq/publisher.go:108.2,108.19 1 1
requests-service/infra/mq/publisher.go:108.19,110.3 1 0
requests-service/infra/mq/publisher.go:112.2,112.12 1 1
requests-service/resources/env.go:33.29,35.2 1 1
requests-service/resources/env.go:37.28,44.2 1 1
requests-service/resources/env.go:46.34,48.2 1 1
requests-service/resources/env.go:50.30,52.50 2 1
requests-service/resources/env.go:52.50,54.3 1 1
requests-service/resources/env.go:56.2,56.16 1 1
requests-service/resources/resources.go:23.61,25.16 2 1
requests-service/resources/resources.go:25.16,27.3 1 1
requests-service/resources/resources.go:29.2,33.16 4 1
requests-service/resources/resources.go:33.16,35.3 1 1
requests-service/resources/resources.go:37.2,38.16 2 0
requests-service/resources/resources.go:38.16,40.3 1 0
requests-service/resources/resources.go:42.2,42.47 1 0
requests-service/resources/resources.go:42.47,44.3 1 0
requests-service/resources/resources.go:46.2,49.48 3 0
requests-service/resources/resources.go:49.48,51.3 1 0
requests-service/resources/resources.go:53.2,58.16 4 0
requests-service/resources/resources.go:58.16,60.3 1 0
requests-service/resources/resources.go:62.2,67.8 1 0
requests-service/resources/resources.go:70.29,71.24 1 1
requests-service/resources/resources.go:71.24,72.45 1 1
requests-service/resources/resources.go:72.45,74.4 1 0
requests-service/resources/resources.go:78.60,80.16 2 1
requests-service/resources/resources.go:80.16,82.3 1 1
requests-service/resources/resources.go:84.2,86.16 2 1
